0 info it worked if it ends with ok
1 verbose cli [ '/usr/local/bin/node',
1 verbose cli   '/usr/local/bin/npm',
1 verbose cli   'install',
1 verbose cli   '-g',
1 verbose cli   'safefs' ]
2 info using npm@1.4.28
3 info using node@v0.10.33
4 verbose cache add [ 'safefs', null ]
5 verbose cache add name=undefined spec="safefs" args=["safefs",null]
6 verbose parsed url { protocol: null,
6 verbose parsed url   slashes: null,
6 verbose parsed url   auth: null,
6 verbose parsed url   host: null,
6 verbose parsed url   port: null,
6 verbose parsed url   hostname: null,
6 verbose parsed url   hash: null,
6 verbose parsed url   search: null,
6 verbose parsed url   query: null,
6 verbose parsed url   pathname: 'safefs',
6 verbose parsed url   path: 'safefs',
6 verbose parsed url   href: 'safefs' }
7 silly lockFile de747fe0-safefs safefs
8 verbose lock safefs /home/pi/.npm/de747fe0-safefs.lock
9 silly lockFile de747fe0-safefs safefs
10 silly lockFile de747fe0-safefs safefs
11 verbose addNamed [ 'safefs', '' ]
12 verbose addNamed [ null, '*' ]
13 silly lockFile 9de3c05e-safefs safefs@
14 verbose lock safefs@ /home/pi/.npm/9de3c05e-safefs.lock
15 silly addNameRange { name: 'safefs', range: '*', hasData: false }
16 verbose request where is /safefs
17 verbose request registry https://registry.npmjs.org/
18 verbose request id 42389a2417e757f3
19 verbose url raw /safefs
20 verbose url resolving [ 'https://registry.npmjs.org/', './safefs' ]
21 verbose url resolved https://registry.npmjs.org/safefs
22 verbose request where is https://registry.npmjs.org/safefs
23 info trying registry request attempt 1 at 08:41:32
24 http GET https://registry.npmjs.org/safefs
25 http 200 https://registry.npmjs.org/safefs
26 silly registry.get cb [ 200,
26 silly registry.get   { date: 'Sun, 16 Nov 2014 08:41:34 GMT',
26 silly registry.get     server: 'CouchDB/1.5.0 (Erlang OTP/R16B03)',
26 silly registry.get     etag: '"B501CV3LCD1Q37VFRV3BG487I"',
26 silly registry.get     'content-type': 'application/json',
26 silly registry.get     'cache-control': 'max-age=60',
26 silly registry.get     'content-length': '22917',
26 silly registry.get     'accept-ranges': 'bytes',
26 silly registry.get     via: '1.1 varnish',
26 silly registry.get     age: '0',
26 silly registry.get     'x-served-by': 'cache-fra1242-FRA',
26 silly registry.get     'x-cache': 'MISS',
26 silly registry.get     'x-cache-hits': '0',
26 silly registry.get     'x-timer': 'S1416127293.372194,VS0,VE742',
26 silly registry.get     vary: 'Accept',
26 silly registry.get     'keep-alive': 'timeout=10, max=50',
26 silly registry.get     connection: 'Keep-Alive' } ]
27 silly addNameRange number 2 { name: 'safefs', range: '*', hasData: true }
28 silly addNameRange versions [ 'safefs',
28 silly addNameRange   [ '2.0.0',
28 silly addNameRange     '2.0.1',
28 silly addNameRange     '2.0.2',
28 silly addNameRange     '2.0.3',
28 silly addNameRange     '3.0.0',
28 silly addNameRange     '3.0.1',
28 silly addNameRange     '3.0.2',
28 silly addNameRange     '3.0.3',
28 silly addNameRange     '3.0.4',
28 silly addNameRange     '3.0.5',
28 silly addNameRange     '3.0.6',
28 silly addNameRange     '3.1.0',
28 silly addNameRange     '3.1.1' ] ]
29 verbose addNamed [ 'safefs', '3.1.1' ]
30 verbose addNamed [ '3.1.1', '3.1.1' ]
31 silly lockFile 3a194f58-safefs-3-1-1 safefs@3.1.1
32 verbose lock safefs@3.1.1 /home/pi/.npm/3a194f58-safefs-3-1-1.lock
33 silly lockFile 3bf85a7a-pmjs-org-safefs-safefs-3-1-1-tgz https://registry.npmjs.org/safefs/-/safefs-3.1.1.tgz
34 verbose lock https://registry.npmjs.org/safefs/-/safefs-3.1.1.tgz /home/pi/.npm/3bf85a7a-pmjs-org-safefs-safefs-3-1-1-tgz.lock
35 verbose addRemoteTarball [ 'https://registry.npmjs.org/safefs/-/safefs-3.1.1.tgz',
35 verbose addRemoteTarball   'c700df59bf643b10fed08cc483123ff41a9b1cfa' ]
36 info retry fetch attempt 1 at 08:41:34
37 verbose fetch to= /tmp/npm-2391-RuWP70aZ/registry.npmjs.org/safefs/-/safefs-3.1.1.tgz
38 http GET https://registry.npmjs.org/safefs/-/safefs-3.1.1.tgz
39 http 200 https://registry.npmjs.org/safefs/-/safefs-3.1.1.tgz
40 silly lockFile 3bf85a7a-pmjs-org-safefs-safefs-3-1-1-tgz https://registry.npmjs.org/safefs/-/safefs-3.1.1.tgz
41 silly lockFile 3bf85a7a-pmjs-org-safefs-safefs-3-1-1-tgz https://registry.npmjs.org/safefs/-/safefs-3.1.1.tgz
42 silly lockFile 3a194f58-safefs-3-1-1 safefs@3.1.1
43 silly lockFile 3a194f58-safefs-3-1-1 safefs@3.1.1
44 silly lockFile 9de3c05e-safefs safefs@
45 silly lockFile 9de3c05e-safefs safefs@
46 silly resolved [ { title: 'Safe FS',
46 silly resolved     name: 'safefs',
46 silly resolved     version: '3.1.1',
46 silly resolved     description: 'Stop getting EMFILE errors! Open only as many files as the operating system supports.',
46 silly resolved     homepage: 'https://github.com/bevry/safefs',
46 silly resolved     license: { type: 'MIT' },
46 silly resolved     badges:
46 silly resolved      { travis: true,
46 silly resolved        npm: true,
46 silly resolved        david: true,
46 silly resolved        daviddev: true,
46 silly resolved        gittip: 'bevry',
46 silly resolved        flattr: '344188/balupton-on-Flattr',
46 silly resolved        paypal: 'QB8GQPZAH84N6',
46 silly resolved        bitcoin: 'https://coinbase.com/checkouts/9ef59f5479eec1d97d63382c9ebcb93a' },
46 silly resolved     keywords: [ 'fs', 'path', 'openFile', 'closeFile', 'emfile' ],
46 silly resolved     author:
46 silly resolved      { name: '2013+ Bevry Pty Ltd',
46 silly resolved        email: 'us@bevry.me',
46 silly resolved        url: 'http://bevry.me' },
46 silly resolved     maintainers: [ [Object] ],
46 silly resolved     contributors: [ [Object], [Object], [Object], [Object] ],
46 silly resolved     bugs: { url: 'https://github.com/bevry/safefs/issues' },
46 silly resolved     repository: { type: 'git', url: 'http://github.com/bevry/safefs.git' },
46 silly resolved     engines: { node: '>=0.4' },
46 silly resolved     dependencies: { 'graceful-fs': '~2.0.1' },
46 silly resolved     devDependencies: { 'coffee-script': '~1.7.1', projectz: '~0.3.9' },
46 silly resolved     directories: { lib: './out/lib' },
46 silly resolved     scripts:
46 silly resolved      { preinstall: 'node ./cyclic.js',
46 silly resolved        test: 'echo \'no tests yet\'' },
46 silly resolved     main: './out/lib/safefs.js',
46 silly resolved     _id: 'safefs@3.1.1',
46 silly resolved     dist:
46 silly resolved      { shasum: 'c700df59bf643b10fed08cc483123ff41a9b1cfa',
46 silly resolved        tarball: 'http://registry.npmjs.org/safefs/-/safefs-3.1.1.tgz' },
46 silly resolved     _from: 'safefs@',
46 silly resolved     _npmVersion: '1.3.26',
46 silly resolved     _npmUser: { name: 'balupton', email: 'b@lupton.cc' },
46 silly resolved     _shasum: 'c700df59bf643b10fed08cc483123ff41a9b1cfa',
46 silly resolved     _resolved: 'https://registry.npmjs.org/safefs/-/safefs-3.1.1.tgz' } ]
47 info install safefs@3.1.1 into /usr/local/lib
48 info installOne safefs@3.1.1
49 verbose lib/node_modules/safefs unbuild
50 verbose tar unpack /home/pi/.npm/safefs/3.1.1/package.tgz
51 silly lockFile 7de586df-sr-local-lib-node-modules-safefs tar:///usr/local/lib/node_modules/safefs
52 verbose lock tar:///usr/local/lib/node_modules/safefs /home/pi/.npm/7de586df-sr-local-lib-node-modules-safefs.lock
53 silly lockFile ddc0d993--pi-npm-safefs-3-1-1-package-tgz tar:///home/pi/.npm/safefs/3.1.1/package.tgz
54 verbose lock tar:///home/pi/.npm/safefs/3.1.1/package.tgz /home/pi/.npm/ddc0d993--pi-npm-safefs-3-1-1-package-tgz.lock
55 silly gunzTarPerm modes [ '755', '644' ]
56 error Error: EACCES, mkdir '/usr/local/lib/node_modules/safefs'
56 error  { [Error: EACCES, mkdir '/usr/local/lib/node_modules/safefs']
56 error   errno: 3,
56 error   code: 'EACCES',
56 error   path: '/usr/local/lib/node_modules/safefs',
56 error   fstream_type: 'Directory',
56 error   fstream_path: '/usr/local/lib/node_modules/safefs',
56 error   fstream_class: 'DirWriter',
56 error   fstream_stack:
56 error    [ '/usr/local/lib/node_modules/npm/node_modules/fstream/lib/dir-writer.js:36:23',
56 error      '/usr/local/lib/node_modules/npm/node_modules/mkdirp/index.js:46:53',
56 error      'Object.oncomplete (fs.js:107:15)' ] }
57 error Please try running this command again as root/Administrator.
58 error System Linux 3.12.28+
59 error command "/usr/local/bin/node" "/usr/local/bin/npm" "install" "-g" "safefs"
60 error cwd /home/pi/Documents/Sketches/Bailey/server/install
61 error node -v v0.10.33
62 error npm -v 1.4.28
63 error path /usr/local/lib/node_modules/safefs
64 error fstream_path /usr/local/lib/node_modules/safefs
65 error fstream_type Directory
66 error fstream_class DirWriter
67 error code EACCES
68 error errno 3
69 error stack Error: EACCES, mkdir '/usr/local/lib/node_modules/safefs'
70 error fstream_stack /usr/local/lib/node_modules/npm/node_modules/fstream/lib/dir-writer.js:36:23
70 error fstream_stack /usr/local/lib/node_modules/npm/node_modules/mkdirp/index.js:46:53
70 error fstream_stack Object.oncomplete (fs.js:107:15)
71 verbose exit [ 3, true ]
